This is pdfTeX, Version 3.14159-1.10b (Web2C 7.4.5) (format=pdflatex 2007.11.9)  12 MAR 2009 14:57
**cdogs2008_abstracts.tex
(./cdogs2008_abstracts.tex{/usr/share/texmf/pdftex/config/pdftex.cfg}
LaTeX2e <2001/06/01>
Babel <v3.7h> and hyphenation patterns for american, french, german, ngerman, n
ohyphenation, loaded.
(/usr/share/texmf/tex/latex/base/article.cls
Document Class: article 2001/04/21 v1.4e Standard LaTeX document class
(/usr/share/texmf/tex/latex/base/size10.clo
File: size10.clo 2001/04/21 v1.4e Standard LaTeX file (size option)
)
\c@part=\count79
\c@section=\count80
\c@subsection=\count81
\c@subsubsection=\count82
\c@paragraph=\count83
\c@subparagraph=\count84
\c@figure=\count85
\c@table=\count86
\abovecaptionskip=\skip41
\belowcaptionskip=\skip42
\bibindent=\dimen102
)
(/usr/share/texmf/tex/latex/amsfonts/amssymb.sty
Package: amssymb 2002/01/22 v2.2d

(/usr/share/texmf/tex/latex/amsfonts/amsfonts.sty
Package: amsfonts 2001/10/25 v2.2f
\@emptytoks=\toks14
\symAMSa=\mathgroup4
\symAMSb=\mathgroup5
LaTeX Font Info:    Overwriting math alphabet `\mathfrak' in version `bold'
(Font)                  U/euf/m/n --> U/euf/b/n on input line 132.
))
(/usr/share/texmf/tex/latex/graphics/graphicx.sty
Package: graphicx 1999/02/16 v1.0f Enhanced LaTeX Graphics (DPC,SPQR)

(/usr/share/texmf/tex/latex/graphics/keyval.sty
Package: keyval 1999/03/16 v1.13 key=value parser (DPC)
\KV@toks@=\toks15
)
(/usr/share/texmf/tex/latex/graphics/graphics.sty
Package: graphics 2001/07/07 v1.0n Standard LaTeX Graphics (DPC,SPQR)

(/usr/share/texmf/tex/latex/graphics/trig.sty
Package: trig 1999/03/16 v1.09 sin cos tan (DPC)
)
(/usr/share/texmf/tex/latex/config/graphics.cfg
File: graphics.cfg 2001/08/31 v1.1 graphics configuration of teTeX/TeXLive
)
Package graphics Info: Driver file: pdftex.def on input line 80.

(/usr/share/texmf/tex/latex/graphics/pdftex.def
File: pdftex.def 2002/06/19 v0.03k graphics/color for pdftex
\Gread@gobject=\count87
))
\Gin@req@height=\dimen103
\Gin@req@width=\dimen104
)
(/usr/share/texmf/tex/latex/fancyheadings/fancyheadings.sty
\headrulewidth=\dimen105
\footrulewidth=\dimen106
\plainheadrulewidth=\dimen107
\plainfootrulewidth=\dimen108
\headwidth=\dimen109
\footruleskip=\dimen110
)
(./cdogs2008_abstracts.aux)
\openout1 = `cdogs2008_abstracts.aux'.

LaTeX Font Info:    Checking defaults for OML/cmm/m/it on input line 47.
LaTeX Font Info:    ... okay on input line 47.
LaTeX Font Info:    Checking defaults for T1/cmr/m/n on input line 47.
LaTeX Font Info:    ... okay on input line 47.
LaTeX Font Info:    Checking defaults for OT1/cmr/m/n on input line 47.
LaTeX Font Info:    ... okay on input line 47.
LaTeX Font Info:    Checking defaults for OMS/cmsy/m/n on input line 47.
LaTeX Font Info:    ... okay on input line 47.
LaTeX Font Info:    Checking defaults for OMX/cmex/m/n on input line 47.
LaTeX Font Info:    ... okay on input line 47.
LaTeX Font Info:    Checking defaults for U/cmr/m/n on input line 47.
LaTeX Font Info:    ... okay on input line 47.
 (/usr/share/texmf/tex/context/base/supp-pdf.tex
(/usr/share/texmf/tex/context/base/supp-mis.tex
loading : Context Support Macros / Missing
\protectiondepth=\count88
\scratchcounter=\count89
\scratchtoks=\toks16
\scratchdimen=\dimen111
\scratchskip=\skip43
\scratchmuskip=\muskip10
\scratchbox=\box26
\scratchread=\read1
\scratchwrite=\write3
\zeropoint=\dimen112
\minusone=\count90
\thousandpoint=\dimen113
\emptytoks=\toks17
\nextbox=\box27
\nextdepth=\dimen114
\everyline=\toks18
\!!counta=\count91
\!!countb=\count92
\recursecounter=\count93
)
loading : Context Support Macros / PDF
\nofMPsegments=\count94
\nofMParguments=\count95
\everyMPtoPDFconversion=\toks19
) <cdogs_logo.jpg, id=1, 225.0006pt x 150.8034pt>
File: cdogs_logo.jpg Graphic file (type jpg)
 <use cdogs_logo.jpg>
LaTeX Font Info:    Try loading font information for U+msa on input line 78.

(/usr/share/texmf/tex/latex/amsfonts/umsa.fd
File: umsa.fd 2002/01/19 v2.2g AMS font definitions
)
LaTeX Font Info:    Try loading font information for U+msb on input line 78.

(/usr/share/texmf/tex/latex/amsfonts/umsb.fd
File: umsb.fd 2002/01/19 v2.2g AMS font definitions
) [1

{/usr/share/texmf/dvips/config/pdftex.map} <./cdogs_logo.jpg>] [2] [3]
Missing character: There is no ^^c2 in font cmr10!
Missing character: There is no ^^ba in font cmr10!
Missing character: There is no ^^c2 in font cmr10!
Missing character: There is no ^^ba in font cmr10!

Overfull \hbox (15.0pt too wide) in paragraph at lines 117--131
[]$[]$
 []

[4]
Overfull \hbox (15.0pt too wide) in paragraph at lines 185--201
[]$[]$ 
 []

[5]
Missing character: There is no ^^e2 in font cmr10!
Missing character: There is no ^^80 in font cmr10!
Missing character: There is no ^^98 in font cmr10!
Missing character: There is no ^^e2 in font cmr10!
Missing character: There is no ^^80 in font cmr10!
Missing character: There is no ^^99 in font cmr10!
 [6] [7] [8] [9] [10] [11] [12] [13] [14] [15] [16]
Missing character: There is no ^^e2 in font cmr10!
Missing character: There is no ^^80 in font cmr10!
Missing character: There is no ^^99 in font cmr10!
 [17] [18] [19]
Missing character: There is no ^^e2 in font cmr10!

Overfull \hbox (15.0pt too wide) in paragraph at lines 559--573
[]$[]$ 
 []

[20] (./cdogs2008_abstracts.aux) ) 
Here is how much of TeX's memory you used:
 1297 strings out of 95437
 15118 string characters out of 1189055
 64548 words of memory out of 1000001
 4305 multiletter control sequences out of 10000+50000
 12780 words of font info for 49 fonts, out of 500000 for 1000
 14 hyphenation exceptions out of 1000
 25i,10n,24p,1882b,475s stack positions out of 1500i,500n,5000p,200000b,5000s
 110 PDF objects out of 300000
 0 named destinations out of 131072
 5 words of extra memory for PDF output out of 65536
{/usr/share/texmf/dvips/tetex/aae443f0.enc}</
usr/share/texmf/fonts/type1/bluesky/cm/cmmi10.pfb>{/usr/share/texmf/dvips/tetex
/bbad153f.enc}</usr/share/texmf/fonts/type1/bluesky/cm/cmsy10.pfb></usr/share/t
exmf/fonts/type1/bluesky/cm/cmsy7.pfb>{/usr/share/texmf/dvips/tetex/09fbbfac.en
c}</usr/share/texmf/fonts/type1/bluesky/cm/cmtt10.pfb>{/usr/share/texmf/dvips/t
etex/f7b6d320.enc}</usr/share/texmf/fonts/type1/bluesky/cm/cmr8.pfb></usr/share
/texmf/fonts/type1/bluesky/cm/cmmi7.pfb></usr/share/texmf/fonts/type1/bluesky/c
m/cmbx10.pfb></usr/share/texmf/fonts/type1/bluesky/cm/cmr7.pfb></usr/share/texm
f/fonts/type1/bluesky/cm/cmsl10.pfb>{/usr/share/texmf/dvips/tetex/74afc74c.enc}
</usr/share/texmf/fonts/type1/bluesky/cm/cmti10.pfb></usr/share/texmf/fonts/typ
e1/bluesky/cm/cmr10.pfb></usr/share/texmf/fonts/type1/bluesky/cm/cmti12.pfb></u
sr/share/texmf/fonts/type1/bluesky/cm/cmr12.pfb></usr/share/texmf/fonts/type1/b
luesky/cm/cmsl12.pfb></usr/share/texmf/fonts/type1/bluesky/cm/cmbx12.pfb>
Output written on cdogs2008_abstracts.pdf (20 pages, 179678 bytes).
